|||((dp0
Vyou let once
p1
F0.30000000000000004
sVyou let wants
p2
F0.25
sVnewsletter wants
p3
F0.2
sVnewsletter once
p4
F0.15000000000000002
sVyou flatter wants
p5
F0.1
s(lp6
Vo
p7
aVG
p8
aVE
p9
ag7
ag9
ag7
ag7
ag9
aVleft
p10
tp11
.|||(NNNtp0
.|||((dp0
Vmove left whites
p1
F0.4
sVmove left twice
p2
F0.25
sVmove left points
p3
F0.2
sVmove left poise
p4
F0.15000000000000002
s(lp5
Vo
p6
ag6
ag6
ag6
ag6
aVE
p7
ag7
ag7
aVleft
p8
tp9
.|||((dp0
Vbut all
p1
F0.30000000000000004
sVwhoa
p2
F0.25
sVwhat
p3
F0.2
sVso
p4
F0.15000000000000002
sVbut but all
p5
F0.1
s(lp6
Vo
p7
aVG
p8
ag7
ag7
ag7
ag7
ag7
ag7
aVleft
p9
tp10
.|||(NNNtp0
.|||((dp0
Vno down twice
p1
F0.30000000000000004
sVknow down twice
p2
F0.2
sVno doubt twice
p3
F0.25
sVnew down twice
p4
F0.15000000000000002
sVno that gown twice
p5
F0.1
s(lp6
Vo
p7
ag7
aVX
p8
ag7
ag7
ag7
ag8
ag7
aVdown
p9
tp10
.|||((dp0
Vwhat
p1
F0.25
sVand now
p2
F0.30000000000000004
sVwhen
p3
F0.2
sVwhy
p4
F0.15000000000000002
sVone
p5
F0.1
s(lp6
Vo
p7
aVX
p8
ag7
ag7
aVG
p9
ag8
ag7
ag7
aVdown
p10
tp11
.|||(NNNtp0
.|||((dp0
Vgood i i i i and a a a note left one song
p1
F0.55
sVgood i i i i and a a a note was one song
p2
F0.2
sVgood i i i i and a a a note left wants the
p3
F0.15000000000000002
sVgood i i i i and a a a note left what song
p4
F0.1
s(lp5
VE
p6
aVG
p7
aVo
p8
ag6
ag8
ag6
ag8
aVX
p9
aVleft
p10
tp11
.|||(NNNtp0
.|||((dp0
Vin about three times
p1
F0.2
sVit about three times
p2
F0.30000000000000004
sVnote about three times
p3
F0.1
sVno that ought to retires
p4
F0.4
s(lp5
Vo
p6
aVX
p7
ag6
ag6
ag6
ag6
ag7
ag6
aVup
p8
tp9
.|||((dp0
Vand thumb
p1
F0.4
sVand thyme
p2
F0.25
sVand theme
p3
F0.2
sVand thing
p4
F0.15000000000000002
s(lp5
Vo
p6
ag6
aVX
p7
ag6
ag7
ag6
ag6
ag7
aVup
p8
tp9
.|||((dp0
Vhey
p1
F0.25
sVhi
p2
F0.30000000000000004
sVi have
p3
F0.15000000000000002
sVand
p4
F0.2
sNF0.1
s(lp5
VX
p6
aVo
p7
ag7
aVG
p8
ag7
ag7
ag7
ag7
aVup
p9
tp10
.|||(NNNtp0
.|||((dp0
Vno blood on this
p1
F0.30000000000000004
sVno blood on it
p2
F0.15000000000000002
sVno what aunts
p3
F0.25
sVno what aunt
p4
F0.2
sVno what angst
p5
F0.1
s(lp6
Vo
p7
aVG
p8
ag7
aVX
p9
ag9
ag7
ag7
ag7
aVleft
p10
tp11
.|||(NNNtp0
.|||((dp0
Vno the left four times
p1
F0.55
sVno the last four times
p2
F0.35000000000000003
sVno they left four times
p3
F0.1
s(lp4
VX
p5
aVo
p6
ag6
ag6
ag6
aVE
p7
ag7
ag7
aVleft
p8
tp9
.|||((dp0
NF0.30000000000000004
sVa
p1
F0.45
sVthe
p2
F0.15000000000000002
sVi
p3
F0.1
s(lp4
Vo
p5
ag5
aVX
p6
ag6
ag5
ag5
ag6
ag5
aVleft
p7
tp8
.|||((dp0
Vwhat
p1
F0.30000000000000004
sVwhat i
p2
F0.25
sVwhat if you
p3
F0.2
sVwhat and
p4
F0.15000000000000002
sVi what
p5
F0.1
s(lp6
VX
p7
aVo
p8
ag8
ag8
ag7
ag7
ag8
ag8
aVleft
p9
tp10
.|||((dp0
Vhey
p1
F0.25
sVhmm
p2
F0.2
sVand
p3
F0.30000000000000004
sVmm
p4
F0.15000000000000002
sNF0.1
s(lp5
Vo
p6
ag6
aVG
p7
aVX
p8
ag6
ag6
ag6
ag8
aVleft
p9
tp10
.|||((dp0
Vno doubt wants
p1
F0.5
sVno downwards
p2
F0.25
sVno doubt once
p3
F0.15000000000000002
sVno doubt wands
p4
F0.1
s(lp5
VE
p6
ag6
ag6
aVo
p7
aVG
p8
aVX
p9
ag7
ag7
aVdown
p10
tp11
.|||(NNNtp0
.|||((dp0
Vthe last twice
p1
F0.4
sVwe're left twice
p2
F0.25
sVlou last twice
p3
F0.2
sVwe left twice
p4
F0.15000000000000002
s(lp5
Vo
p6
ag6
aVE
p7
aVX
p8
ag7
ag7
ag7
ag7
aVleft
p9
tp10
.|||((dp0
Vhey
p1
F0.30000000000000004
sVoh
p2
F0.25
sVi
p3
F0.2
sVand
p4
F0.15000000000000002
sVto
p5
F0.1
s(lp6
Vo
p7
ag7
aVE
p8
ag7
ag8
aVX
p9
ag7
ag8
aVleft
p10
tp11
.|||((dp0
Vnews about three times
p1
F0.30000000000000004
sVknows about three times
p2
F0.25
sVnote about three times
p3
F0.2
sVmove about three times
p4
F0.15000000000000002
sVno about three times
p5
F0.1
s(lp6
Vo
p7
ag7
aVE
p8
ag7
ag8
ag7
ag7
ag8
aVup
p9
tp10
.|||((dp0
Vup and how
p1
F0.30000000000000004
sVwith how
p2
F0.25
sVbut if how
p3
F0.2
sVup at how
p4
F0.15000000000000002
sVboth how
p5
F0.1
s(lp6
VX
p7
aVo
p8
ag8
ag8
ag8
ag7
ag8
ag8
aVup
p9
tp10
.|||((dp0
NF1.0
s(lp1
Vo
p2
aVX
p3
ag2
ag2
ag2
ag2
ag3
ag2
aVup
p4
tp5
.|||((dp0
Vno sweat what's
p1
F0.30000000000000004
sVno what what's
p2
F0.25
sVno flat what's
p3
F0.2
sVnow what what's
p4
F0.1
sVno one at what's
p5
F0.15000000000000002
s(lp6
VG
p7
aVo
p8
aVX
p9
ag9
ag8
ag8
ag8
ag9
aVleft
p10
tp11
.|||((dp0
Vno that i want
p1
F0.55
sVno that wants
p2
F0.35000000000000003
sVno that want
p3
F0.1
s(lp4
Vo
p5
ag5
aVX
p6
aVG
p7
ag6
ag6
ag5
ag5
aVup
p8
tp9
.|||(NNNtp0
.|||((dp0
Vno the elmo it's the
p1
F0.85
sVno the omelets the
p2
F0.15000000000000002
s(lp3
VE
p4
ag4
ag4
aVo
p5
aVG
p6
ag5
aVX
p7
ag5
aVdown
p8
tp9
.|||(NNNtp0
.|||(NNNtp0
.|||((dp0
Vyou down what's
p1
F0.30000000000000004
sVyou've got what
p2
F0.2
sVnew gown what's
p3
F0.25
sVyou down once
p4
F0.15000000000000002
sVnew gown wants
p5
F0.1
s(lp6
VE
p7
ag7
ag7
ag7
aVG
p8
ag7
aVo
p9
ag9
aVdown
p10
tp11
.|||(NNNtp0
.|||((dp0
NF1.0
s(lp1
VE
p2
aVX
p3
aVo
p4
ag2
ag3
ag2
ag4
ag4
aVdown
p5
tp6
.|||((dp0
Vyou left twice
p1
F0.30000000000000004
sVyou left whites
p2
F0.35
sVnew left twice
p3
F0.2
sVyou left at twice
p4
F0.15000000000000002
s(lp5
VX
p6
aVo
p7
ag7
ag7
ag6
ag7
ag7
ag7
aVleft
p8
tp9
.|||((dp0
NF1.0
s(lp1
Vo
p2
ag2
ag2
aVX
p3
ag2
ag2
ag3
ag3
aVleft
p4
tp5
.|||((dp0
NF1.0
s(lp1
VX
p2
aVo
p3
ag3
ag3
ag3
ag2
ag3
ag3
aVleft
p4
tp5
.|||((dp0
Vmove down three times
p1
F0.30000000000000004
sVmoved down three times
p2
F0.25
sVnews down three times
p3
F0.2
sVmoves down three times
p4
F0.15000000000000002
sVmove down the retires
p5
F0.1
s(lp6
VE
p7
ag7
ag7
aVX
p8
aVo
p9
ag9
ag9
ag9
aVdown
p10
tp11
.|||((dp0
Vand go
p1
F0.30000000000000004
sVand i go
p2
F0.25
sVand i i
p3
F0.15000000000000002
sVand i up
p4
F0.2
sVand he up
p5
F0.1
s(lp6
VE
p7
ag7
ag7
aVo
p8
ag8
ag8
ag8
ag8
aVdown
p9
tp10
.|||((dp0
NF1.0
s(lp1
VE
p2
ag2
ag2
aVo
p3
aVG
p4
ag3
ag3
ag3
aVdown
p5
tp6
.|||(NNNtp0
.|||((dp0
Vnew latin three times
p1
F0.30000000000000004
sVnew latin retires
p2
F0.45
sVnew latin retirees
p3
F0.15000000000000002
sVnew latin pretense
p4
F0.1
s(lp5
Vo
p6
ag6
ag6
ag6
ag6
ag6
aVX
p7
ag6
aVleft
p8
tp9
.|||((dp0
Vchief
p1
F0.30000000000000004
sVif
p2
F0.25
sVturf
p3
F0.2
sVif if
p4
F0.1
sVa turf
p5
F0.15000000000000002
s(lp6
Vo
p7
ag7
ag7
ag7
ag7
ag7
ag7
ag7
aVleft
p8
tp9
.|||((dp0
NF1.0
s(lp1
Vo
p2
ag2
ag2
ag2
ag2
ag2
ag2
ag2
aVleft
p3
tp4
.|||((dp0
Vit knows about three times
p1
F0.30000000000000004
sVit goes about three times
p2
F0.25
sVit moved about three times
p3
F0.2
sVit moves about three times
p4
F0.15000000000000002
sVit news about three times
p5
F0.1
s(lp6
VE
p7
ag7
ag7
aVo
p8
ag8
ag8
ag8
ag8
aVup
p9
tp10
.|||((dp0
Vfaith of
p1
F0.30000000000000004
sVthis faith of
p2
F0.25
sVthat faith of
p3
F0.2
sVgood faith of
p4
F0.15000000000000002
sVyet faith of
p5
F0.1
s(lp6
VE
p7
ag7
ag7
aVo
p8
ag8
ag8
ag8
ag8
aVup
p9
tp10
.|||((dp0
Voh
p1
F0.30000000000000004
sVo.
p2
F0.25
sNF0.2
sVso
p3
F0.15000000000000002
sVand
p4
F0.1
s(lp5
VE
p6
ag6
ag6
aVG
p7
aVo
p8
ag8
ag8
ag8
aVup
p9
tp10
.|||(NNNtp0
.|||((dp0
Vnobody wants
p1
F0.9
sVnobody wants to
p2
F0.1
s(lp3
Vo
p4
aVX
p5
ag4
aVG
p6
ag5
aVE
p7
ag7
ag7
aVup
p8
tp9
.|||(NNNtp0
.|||((dp0
Vit move down wants
p1
F0.55
sVit move down and wants
p2
F0.35000000000000003
sVit news down wants
p3
F0.1
s(lp4
Vo
p5
aVX
p6
ag5
ag5
ag5
aVE
p7
ag7
ag7
aVdown
p8
tp9
.|||((dp0
Vno what a four times
p1
F0.55
sVno what bore times
p2
F0.2
sVno what board times
p3
F0.15000000000000002
sVno what boar times
p4
F0.1
s(lp5
VX
p6
aVo
p7
ag6
ag6
ag7
aVE
p8
ag8
ag8
aVleft
p9
tp10
.|||((dp0
Voh
p1
F0.30000000000000004
sNF0.25
sVa
p2
F0.2
sVfor
p3
F0.15000000000000002
sVif oh
p4
F0.1
s(lp5
Vo
p6
ag6
ag6
aVX
p7
ag7
ag7
ag6
ag6
aVleft
p8
tp9
.|||((dp0
Vand i i i oh i'm a what
p1
F0.30000000000000004
sVand i i i oh and i what
p2
F0.25
sVand i i i oh it a what
p3
F0.2
sVand i i i oh i'm i what
p4
F0.1
sVand i i i oh i'm a what's
p5
F0.15000000000000002
s(lp6
Vo
p7
ag7
ag7
ag7
ag7
aVX
p8
ag7
ag8
aVleft
p9
tp10
.|||((dp0
NF1.0
s(lp1
Vo
p2
ag2
ag2
ag2
ag2
ag2
ag2
ag2
aVleft
p3
tp4
.|||((dp0
Vmove down twice a or a a a a good
p1
F0.55
sVmove down twice a or a a a a the
p2
F0.2
sVmove down twice a or a a a a what
p3
F0.15000000000000002
sVmove down twice a or a a a a keep
p4
F0.1
s(lp5
VE
p6
ag6
ag6
aVo
p7
ag7
ag7
ag7
ag7
aVdown
p8
tp9
.|||((dp0
NF1.0
s(lp1
VE
p2
ag2
ag2
aVo
p3
aVG
p4
ag3
ag3
ag3
aVdown
p5
tp6
.|||(NNNtp0
.|||((dp0
Vno the rate wants
p1
F0.5
sVno great wants
p2
F0.4
sVnew great wants
p3
F0.1
s(lp4
Vo
p5
ag5
ag5
ag5
ag5
ag5
aVG
p6
ag5
aVright
p7
tp8
.|||(NNNtp0
.|||((dp0
Vno doubt it twice
p1
F0.30000000000000004
sVno that whites
p2
F0.25
sVno that it twice
p3
F0.15000000000000002
sVmove out twice
p4
F0.2
sVno doubt twice
p5
F0.1
s(lp6
Vo
p7
ag7
ag7
ag7
ag7
aVE
p8
ag8
ag8
aVup
p9
tp10
.|||((dp0
Vand what
p1
F0.30000000000000004
sVand what are
p2
F0.25
sVand what it
p3
F0.2
sVand what a
p4
F0.15000000000000002
sVand what i
p5
F0.1
s(lp6
Vo
p7
ag7
ag7
aVG
p8
ag7
aVE
p9
ag9
ag9
aVup
p10
tp11
.|||(NNNtp0
.|||((dp0
Vthe and i twice
p1
F0.30000000000000004
sVnews about twice
p2
F0.25
sVknew that twice
p3
F0.25
sVnewt about twice
p4
F0.2
s(lp5
Vo
p6
ag6
aVE
p7
ag6
ag7
ag6
ag6
ag7
aVup
p8
tp9
.|||((dp0
Vso
p1
F0.30000000000000004
sVoh
p2
F0.25
sVtwo
p3
F0.2
sVto
p4
F0.25
s(lp5
Vo
p6
ag6
ag6
ag6
ag6
ag6
ag6
ag6
aVup
p7
tp8
.|||((dp0
Vno the rate of whites
p1
F0.5
sVwell the rate of whites
p2
F0.15000000000000002
sVno the rate whites
p3
F0.25
sVno the right whites
p4
F0.1
s(lp5
Vo
p6
ag6
ag6
ag6
ag6
ag6
ag6
ag6
aVright
p7
tp8
.|||((dp0
Vso
p1
F0.30000000000000004
sVwhat
p2
F0.2
sVtwo
p3
F0.25
sVto
p4
F0.15000000000000002
sVsir
p5
F0.1
s(lp6
Vo
p7
ag7
ag7
ag7
ag7
ag7
ag7
aVX
p8
aVright
p9
tp10
.|||((dp0
Vand
p1
F0.5
sNF0.25
sVit
p2
F0.15000000000000002
sVof
p3
F0.1
s(lp4
Vo
p5
ag5
ag5
ag5
aVX
p6
ag5
aVG
p7
ag6
aVright
p8
tp9
.|||(NNNtp0
.|||((dp0
Vneglect twice
p1
F0.30000000000000004
sVyou left twice
p2
F0.25
sVnew left twice
p3
F0.2
sVyou left whites
p4
F0.15000000000000002
sVneglect whites
p5
F0.1
s(lp6
Vo
p7
ag7
ag7
ag7
ag7
ag7
aVX
p8
ag8
aVleft
p9
tp10
.|||((dp0
NF1.0
s(lp1
Vo
p2
ag2
aVG
p3
ag2
ag2
ag2
aVX
p4
ag2
aVleft
p5
tp6
.|||((dp0
Vno doubt
p1
F0.30000000000000004
sVno the day out
p2
F0.15000000000000002
sVnewsday out
p3
F0.25
sVmeltdown
p4
F0.2
sVno the down
p5
F0.1
s(lp6
Vo
p7
ag7
ag7
ag7
aVG
p8
ag7
ag7
ag7
aVdown
p9
tp10
.|||(NNNtp0
.|||((dp0
Vno great boys
p1
F0.30000000000000004
sVno great poise
p2
F0.25
sVno great toys
p3
F0.2
sVgood great boys
p4
F0.15000000000000002
sVmove right boys
p5
F0.1
s(lp6
VX
p7
aVo
p8
ag8
ag8
ag7
ag8
ag8
ag8
aVright
p9
tp10
.|||((dp0
Vand no
p1
F0.55
sVand what
p2
F0.2
sVwith no
p3
F0.15000000000000002
sVwith what
p4
F0.1
s(lp5
Vo
p6
ag6
aVX
p7
ag6
ag6
ag6
ag6
aVG
p8
aVright
p9
tp10
.|||((dp0
Vno doubt wants
p1
F0.5
sVno doubt want
p2
F0.25
sVnew delhi wants
p3
F0.15000000000000002
sVnew down wants
p4
F0.1
s(lp5
Vo
p6
ag6
ag6
ag6
aVG
p7
ag6
ag6
aVX
p8
aVdown
p9
tp10
.|||(NNNtp0
.|||((dp0
Vmove left the odds
p1
F0.30000000000000004
sVmove left the ox
p2
F0.25
sVwe've left the odds
p3
F0.2
sVms left the odds
p4
F0.15000000000000002
sVmidwest the odds
p5
F0.1
s(lp6
Vo
p7
aVG
p8
ag7
ag7
ag7
aVE
p9
ag9
ag9
aVleft
p10
tp11
.|||(NNNtp0
.|||((dp0
Vwhat about boys
p1
F0.15000000000000002
sVwe've about boys
p2
F0.1
sVwhat about toys
p3
F0.2
sVwe've about toys
p4
F0.30000000000000004
sVnews about toys
p5
F0.25
s(lp6
VE
p7
ag7
ag7
aVo
p8
aVX
p9
ag8
ag9
ag8
aVup
p10
tp11
.|||((dp0
NF1.0
s(lp1
VE
p2
ag2
ag2
aVo
p3
aVX
p4
ag3
ag3
ag4
aVup
p5
tp6
.|||((dp0
Venumerate eerie silence
p1
F0.30000000000000004
sVyou write eerie silence
p2
F0.25
sVenumerate eerie times
p3
F0.2
sVto enumerate eerie silence
p4
F0.15000000000000002
sVsmooth rate eerie silence
p5
F0.1
s(lp6
VE
p7
ag7
ag7
ag7
aVo
p8
ag7
ag8
ag8
aVright
p9
tp10
.|||((dp0
Voh
p1
F0.30000000000000004
sNF0.25
sVif
p2
F0.2
sVa
p3
F0.15000000000000002
sVof
p4
F0.1
s(lp5
VE
p6
aVo
p7
ag7
ag6
ag7
ag6
ag7
aVX
p8
aVright
p9
tp10
.|||((dp0
Vtry
p1
F0.30000000000000004
sVa i
p2
F0.25
sVa a
p3
F0.35000000000000003
sVthe try
p4
F0.1
s(lp5
VE
p6
aVo
p7
ag7
ag6
aVX
p8
ag6
ag7
ag7
aVright
p9
tp10
.|||((dp0
Vmove down oh three times
p1
F0.30000000000000004
sVmove down about three times
p2
F0.15000000000000002
sVmove down three times
p3
F0.2
sVwho's down oh three times
p4
F0.25
sVthe move down oh three times
p5
F0.1
s(lp6
VE
p7
aVo
p8
aVX
p9
ag7
ag8
ag7
ag9
ag8
aVdown
p10
tp11
.|||((dp0
NF1.0
s(lp1
Vo
p2
aVX
p3
ag2
ag2
ag2
ag3
ag2
ag2
aVdown
p4
tp5
.|||((dp0
Voh
p1
F0.30000000000000004
sVno
p2
F0.25
sVyou
p3
F0.2
sVor
p4
F0.15000000000000002
sVfor
p5
F0.1
s(lp6
VX
p7
aVo
p8
ag8
ag8
ag8
ag8
ag8
ag8
aVdown
p9
tp10
.|||((dp0
Vnose down wants
p1
F0.30000000000000004
sVno doubt wants
p2
F0.25
sVnews down wants
p3
F0.2
sVms down wants
p4
F0.15000000000000002
sVnote down wants
p5
F0.1
s(lp6
Vo
p7
ag7
ag7
ag7
ag7
ag7
ag7
aVG
p8
aVdown
p9
tp10
.|||((dp0
Vnowhere
p1
F0.30000000000000004
sVno the writer
p2
F0.25
sVnewsletter
p3
F0.2
sVno why
p4
F0.1
sVno threat
p5
F0.15000000000000002
s(lp6
Vo
p7
ag7
aVE
p8
ag7
ag8
ag7
aVG
p9
ag8
aVright
p10
tp11
.|||(NNNtp0
.|||((dp0
Vnewsletter
p1
F0.30000000000000004
sVno threat
p2
F0.25
sVno the writer
p3
F0.2
sVno the right
p4
F0.15000000000000002
sVno the letter
p5
F0.1
s(lp6
Vo
p7
ag7
aVE
p8
ag7
ag8
ag7
aVG
p9
ag8
aVright
p10
tp11
.|||(NNNtp0
.|||((dp0
Vno i
p1
F0.30000000000000004
sVno the right
p2
F0.45
sVno dry
p3
F0.15000000000000002
sVnowhere
p4
F0.1
s(lp5
VX
p6
aVo
p7
ag7
ag6
ag7
ag6
aVG
p8
ag6
aVright
p9
tp10
.|||(NNNtp0
.|||((dp0
Vnews about three times
p1
F0.30000000000000004
sVmove about three times
p2
F0.25
sVms about three times
p3
F0.2
sVknows about three times
p4
F0.15000000000000002
sVnewt about three times
p5
F0.1
s(lp6
Vo
p7
ag7
aVX
p8
ag7
ag7
ag7
ag7
ag7
aVup
p9
tp10
.|||((dp0
NF0.30000000000000004
sVthe
p1
F0.4
sVa
p2
F0.30000000000000004
s(lp3
Vo
p4
ag4
ag4
ag4
ag4
ag4
ag4
ag4
aVup
p5
tp6
.|||((dp0
Vwhat
p1
F0.55
sVbut
p2
F0.2
sVso what
p3
F0.15000000000000002
sVit's what
p4
F0.1
s(lp5
Vo
p6
ag6
ag6
ag6
ag6
aVG
p7
ag6
ag6
aVup
p8
tp9
.|||((dp0
Vwell gregg
p1
F0.30000000000000004
sVno the right
p2
F0.25
sVwell greg
p3
F0.2
sVno threat
p4
F0.15000000000000002
sVno greg
p5
F0.1
s(lp6
VE
p7
aVo
p8
ag8
ag7
ag8
ag7
aVG
p9
ag8
aVright
p10
tp11
.|||(NNNtp0
.|||((dp0
Vand
p1
F0.65
sVbut
p2
F0.2
sVit's
p3
F0.15000000000000002
s(lp4
VE
p5
ag5
ag5
aVo
p6
ag6
aVX
p7
ag6
ag6
aVup
p8
tp9
.|||((dp0
NF0.30000000000000004
sVthe
p1
F0.25
sVthat
p2
F0.2
sVand
p3
F0.15000000000000002
sVget
p4
F0.1
s(lp5
VE
p6
ag6
ag6
aVX
p7
aVo
p8
ag8
ag7
ag8
aVup
p9
tp10
.|||((dp0
Vnobody wants
p1
F0.55
sVnobody wants to
p2
F0.45000000000000007
s(lp3
VE
p4
ag4
ag4
aVo
p5
ag5
aVG
p6
ag5
aVX
p7
aVup
p8
tp9
.|||((dp0
Vyou write once
p1
F0.30000000000000004
sVyou know the right ones
p2
F0.25
sVyou write wants
p3
F0.2
sVbootleg what's
p4
F0.15000000000000002
sVyou like what's
p5
F0.1
s(lp6
VE
p7
ag7
ag7
ag7
aVX
p8
ag7
aVG
p9
aVo
p10
aVright
p11
tp12
.|||(NNNtp0
.|||((dp0
Vno what what
p1
F0.45000000000000007
sVwith what what
p2
F0.35
sVno sweat what
p3
F0.2
s(lp4
Vo
p5
ag5
aVE
p6
ag5
ag6
ag5
aVX
p7
ag6
aVleft
p8
tp9
.|||((dp0
Vnews about four times
p1
F0.30000000000000004
sVknows about four times
p2
F0.25
sVnice about four times
p3
F0.2
sVmove about four times
p4
F0.15000000000000002
sVnewt about four times
p5
F0.1
s(lp6
Vo
p7
ag7
aVE
p8
ag7
ag8
ag7
ag7
ag8
aVup
p9
tp10
.|||((dp0
Vthis
p1
F0.30000000000000004
sVit's
p2
F0.25
sVits
p3
F0.2
sVas
p4
F0.15000000000000002
sVis
p5
F0.1
s(lp6
Vo
p7
ag7
ag7
ag7
ag7
ag7
ag7
ag7
aVup
p8
tp9
.|||((dp0
Vwith hit a fifth
p1
F0.30000000000000004
sVwith hit the fifth
p2
F0.25
sVboth hit a fifth
p3
F0.2
sVwith hit the faith
p4
F0.15000000000000002
sVboth hit the fifth
p5
F0.1
s(lp6
Vo
p7
ag7
ag7
ag7
ag7
ag7
ag7
ag7
aVup
p8
tp9
.|||((dp0
Vwhat did at no a the the
p1
F0.15000000000000002
sVwhat did at no i'm the the
p2
F0.5
sVwhat and at no i'm the the
p3
F0.35
s(lp4
Vo
p5
ag5
ag5
aVG
p6
ag5
ag5
ag5
ag5
aVup
p7
tp8
.|||(NNNtp0
.|||((dp0
Vnobody wants
p1
F0.9
sVnobody wants to
p2
F0.1
s(lp3
VE
p4
ag4
ag4
aVo
p5
ag4
ag5
ag5
ag4
aVup
p6
tp7
.|||((dp0
Vnumber eight whites
p1
F0.5
sVno great whites
p2
F0.4
sVnumber eight twice
p3
F0.1
s(lp4
VE
p5
ag5
ag5
aVo
p6
ag6
aVX
p7
ag6
ag6
aVright
p8
tp9
.|||((dp0
Vwhy
p1
F0.30000000000000004
sVand a
p2
F0.45
sVhey
p3
F0.15000000000000002
sVwhat
p4
F0.1
s(lp5
Vo
p6
ag6
ag6
aVX
p7
ag6
ag6
aVG
p8
ag6
aVright
p9
tp10
.|||(NNNtp0
.|||((dp0
Vnobody wants
p1
F0.55
sVnobody wants to
p2
F0.45000000000000007
s(lp3
VE
p4
ag4
ag4
aVo
p5
ag5
ag5
aVX
p6
ag6
aVup
p7
tp8
.|||((dp0
Vnew great whites
p1
F0.55
sVwith great whites
p2
F0.35000000000000003
sVnewt great whites
p3
F0.1
s(lp4
VE
p5
ag5
ag5
ag5
aVX
p6
ag5
aVo
p7
ag6
aVright
p8
tp9
.|||((dp0
NF1.0
s(lp1
VE
p2
aVo
p3
aVX
p4
ag2
ag4
ag2
ag3
ag3
aVright
p5
tp6
.|||((dp0
Vmove down four times
p1
F0.30000000000000004
sVmove down in four times
p2
F0.25
sVmove down the four times
p3
F0.2
sVmove down a four times
p4
F0.15000000000000002
sVmoved down four times
p5
F0.1
s(lp6
VE
p7
aVo
p8
aVX
p9
ag7
ag8
ag7
ag8
ag8
aVdown
p10
tp11
.|||((dp0
Vsome of of of
p1
F0.30000000000000004
sVsome of of of of
p2
F0.15000000000000002
sVsome of of of a
p3
F0.25
sVsome of of of of a
p4
F0.1
sVsome of of of are
p5
F0.2
s(lp6
Vo
p7
aVX
p8
ag8
ag7
ag7
ag7
ag7
ag7
aVdown
p9
tp10
.|||((dp0
Vif up at
p1
F0.55
sVif up a but
p2
F0.15000000000000002
sVif up a if
p3
F0.30000000000000004
s(lp4
VX
p5
ag5
aVo
p6
ag6
ag6
ag6
ag6
ag6
aVdown
p7
tp8
.|||((dp0
Vhope at all
p1
F0.2
sVhope at
p2
F0.30000000000000004
sVhope and
p3
F0.25
sVi hope at
p4
F0.15000000000000002
sVi hope and
p5
F0.1
s(lp6
VX
p7
aVo
p8
aVG
p9
ag8
ag8
ag8
ag8
ag8
aVdown
p10
tp11
.|||((dp0
Vnibble at once
p1
F0.2
sVnewsletter wants
p2
F0.55
sVnewsletter once
p3
F0.15000000000000002
sVnew letter wants
p4
F0.1
s(lp5
Vo
p6
aVG
p7
aVE
p8
ag6
ag8
ag6
ag6
ag8
aVleft
p9
tp10
.|||(NNNtp0
.|||((dp0
Vyou left quite so
p1
F0.30000000000000004
sVwho left quite so
p2
F0.25
sVit left quite so
p3
F0.2
sVthe left quite so
p4
F0.25
s(lp5
VX
p6
aVo
p7
ag7
ag7
ag6
ag7
ag7
ag7
aVleft
p8
tp9
.|||((dp0
Vand it the
p1
F0.5
sVwhat a the
p2
F0.4
sVand a the
p3
F0.1
s(lp4
Vo
p5
ag5
ag5
aVX
p6
ag5
ag5
ag5
ag6
aVleft
p7
tp8
.|||((dp0
Vno the down three times
p1
F0.30000000000000004
sVnote down three times
p2
F0.25
sVmoved down three times
p3
F0.2
sVno that down three times
p4
F0.15000000000000002
sVno doubt three times
p5
F0.1
s(lp6
VE
p7
ag7
ag7
aVo
p8
ag8
aVX
p9
ag8
ag8
aVdown
p10
tp11
.|||((dp0
Vthey
p1
F0.30000000000000004
sVhey
p2
F0.25
sVokay
p3
F0.2
sVa
p4
F0.15000000000000002
sVdave
p5
F0.1
s(lp6
VE
p7
ag7
ag7
aVo
p8
ag8
ag8
ag8
aVX
p9
aVdown
p10
tp11
.|||((dp0
Vif
p1
F0.30000000000000004
sVif i
p2
F0.25
sVbut if
p3
F0.2
sVif if
p4
F0.15000000000000002
sVbut if i
p5
F0.1
s(lp6
VE
p7
ag7
ag7
aVo
p8
ag8
ag8
aVX
p9
ag8
aVdown
p10
tp11
.|||((dp0
Vno great whites
p1
F0.30000000000000004
sVno the right whites
p2
F0.55
sVnew great whites
p3
F0.15000000000000002
s(lp4
VE
p5
ag5
ag5
aVo
p6
ag5
aVX
p7
ag6
ag5
aVright
p8
tp9
.|||((dp0
Vbut
p1
F0.30000000000000004
sVbob
p2
F0.25
sVboth
p3
F0.2
sVbut i
p4
F0.15000000000000002
sVfrom
p5
F0.1
s(lp6
Vo
p7
ag7
aVE
p8
aVX
p9
ag8
ag9
aVG
p10
ag8
aVright
p11
tp12
.|||(NNNtp0
.|||((dp0
Vif downwards
p1
F0.30000000000000004
sVthis downwards
p2
F0.25
sVyou downwards
p3
F0.2
sVyou've downwards
p4
F0.15000000000000002
sVto downwards
p5
F0.1
s(lp6
VE
p7
ag7
ag7
ag7
aVo
p8
ag7
ag8
ag8
aVdown
p9
tp10
.|||((dp0
Vno great whites
p1
F0.30000000000000004
sVno great whites and
p2
F0.25
sVno bright white stuff
p3
F0.2
sVno the right twice
p4
F0.15000000000000002
sVno the right whites
p5
F0.1
s(lp6
VE
p7
ag7
ag7
aVo
p8
ag8
ag8
ag8
aVX
p9
aVright
p10
tp11
.|||((dp0
Voh
p1
F0.30000000000000004
sVno
p2
F0.25
sVwhoa
p3
F0.2
sVo.
p4
F0.15000000000000002
sVso
p5
F0.1
s(lp6
Vo
p7
ag7
ag7
ag7
aVX
p8
ag8
ag7
ag7
aVright
p9
tp10
.|||((dp0
Vmove down twice
p1
F0.30000000000000004
sVmoved down twice
p2
F0.25
sVnew down twice
p3
F0.2
sVnewt down twice
p4
F0.15000000000000002
sVmove down to whites
p5
F0.1
s(lp6
Vo
p7
ag7
aVX
p8
ag8
ag7
ag8
ag7
ag8
aVdown
p9
tp10
.|||((dp0
NF0.55
sVif
p1
F0.25
sVfor
p2
F0.2
s(lp3
Vo
p4
aVX
p5
ag4
ag4
ag4
ag4
ag5
ag4
aVdown
p6
tp7
.|||((dp0
Vmove rate twice
p1
F0.30000000000000004
sVmove right twice
p2
F0.25
sVmove great twice
p3
F0.2
sVmove right whites
p4
F0.15000000000000002
sVa move rate twice
p5
F0.1
s(lp6
VX
p7
aVo
p8
ag7
ag8
ag8
ag7
ag8
ag8
aVright
p9
tp10
.|||((dp0
Vif a for
p1
F0.30000000000000004
sVif a for the
p2
F0.35
sVfifth of
p3
F0.2
sVif a for a
p4
F0.15000000000000002
s(lp5
Vo
p6
ag6
ag6
aVX
p7
ag6
ag6
aVG
p8
ag6
aVright
p9
tp10
.|||(NNNtp0
.|||((dp0
Vnew great ways
p1
F0.30000000000000004
sVno great ways
p2
F0.25
sVnumber eight ways
p3
F0.2
sVnew great twice
p4
F0.15000000000000002
sVno great twice
p5
F0.1
s(lp6
VE
p7
ag7
ag7
aVo
p8
aVX
p9
ag8
ag8
ag8
aVright
p10
tp11
.|||((dp0
NF1.0
s(lp1
Vo
p2
ag2
aVX
p3
ag2
ag2
ag2
ag2
ag2
aVright
p4
tp5
.|||((dp0
Vnote down three times a a a a a a a a
p1
F0.25
sVnote down three times a a a a a a to
p2
F0.30000000000000004
sVno the down three times a a a a a a to
p3
F0.1
sVnote down three times a a a a a a a or
p4
F0.2
sVnote down three times a a a a a a a are
p5
F0.15000000000000002
s(lp6
Vo
p7
ag7
ag7
ag7
ag7
ag7
aVX
p8
ag7
aVdown
p9
tp10
.|||((dp0
NF1.0
s(lp1
Vo
p2
ag2
aVX
p3
ag2
ag2
ag3
ag2
ag2
aVdown
p4
tp5
.|||((dp0
NF1.0
s(lp1
Vo
p2
aVX
p3
ag2
ag2
aVG
p4
ag2
ag2
ag2
aVdown
p5
tp6
.|||(NNNtp0
.|||((dp0
Vdon't let anyone asked
p1
F0.15000000000000002
sVdon't let anyone with
p2
F0.1
sVit was one asked
p3
F0.30000000000000004
sVit left one asked
p4
F0.25
sVit was one of south
p5
F0.2
s(lp6
Vo
p7
ag7
ag7
ag7
aVX
p8
ag8
ag7
ag7
aVleft
p9
tp10
.|||((dp0
Vthe downed three times
p1
F0.30000000000000004
sVthe downs three times
p2
F0.25
sVthe downed a three times
p3
F0.2
sVthe downed for three times
p4
F0.15000000000000002
sVthe downs a three times
p5
F0.1
s(lp6
Vo
p7
aVX
p8
ag8
ag7
ag7
ag7
ag7
ag8
aVdown
p9
tp10
.|||((dp0
Vif that
p1
F0.30000000000000004
sVif and who
p2
F0.25
sVif and
p3
F0.2
sVand if that
p4
F0.15000000000000002
sVbut if that
p5
F0.1
s(lp6
VX
p7
ag7
aVo
p8
ag8
ag8
ag8
ag7
ag8
aVdown
p9
tp10
.|||((dp0
Voh
p1
F0.30000000000000004
sNF0.25
sVi
p2
F0.2
sVa
p3
F0.15000000000000002
sVif
p4
F0.1
s(lp5
VX
p6
aVo
p7
aVG
p8
ag7
ag7
ag6
ag7
ag7
aVdown
p9
tp10
.|||((dp0
Vno one wants
p1
F0.55
sVno one who wants
p2
F0.2
sVno why wants
p3
F0.15000000000000002
sVno the latin wants
p4
F0.1
s(lp5
Vo
p6
aVG
p7
aVE
p8
ag6
ag8
ag6
ag6
ag8
aVleft
p9
tp10
.|||(NNNtp0
.|||((dp0
Vno doubt at once
p1
F0.2
sVno doubt that wants
p2
F0.55
sVgood about wants
p3
F0.25
s(lp4
VG
p5
aVo
p6
ag6
ag6
aVX
p7
aVE
p8
ag8
ag8
aVup
p9
tp10
.|||((dp0
Vit but no one wants
p1
F0.45
sVi and midwest wants
p2
F0.4
sVi and midwest once
p3
F0.15000000000000002
s(lp4
VE
p5
aVG
p6
aVo
p7
ag5
ag7
ag5
ag5
ag5
aVleft
p8
tp9
.|||(NNNtp0
.|||((dp0
Vnewt went twice
p1
F0.30000000000000004
sVms went twice
p2
F0.25
sVnews went twice
p3
F0.2
sVnewsletter twice
p4
F0.15000000000000002
sVmidwest twice
p5
F0.1
s(lp6
VE
p7
aVo
p8
aVX
p9
ag7
ag9
ag7
ag8
ag9
aVleft
p10
tp11
.|||((dp0
NF1.0
s(lp1
VE
p2
aVG
p3
aVo
p4
ag2
aVX
p5
ag2
ag4
ag5
aVleft
p6
tp7
.|||(NNNtp0
.|||((dp0
Vnew left three times the a a a a a a a now
p1
F0.6000000000000001
sVnew left three times the a a a a a a a the
p2
F0.4
s(lp3
VE
p4
aVo
p5
ag5
ag4
aVX
p6
ag4
ag6
ag5
aVleft
p7
tp8
.|||((dp0
Vyeah
p1
F0.30000000000000004
sVno
p2
F0.25
sVnow
p3
F0.2
sVoh
p4
F0.15000000000000002
sVin
p5
F0.1
s(lp6
VE
p7
aVo
p8
ag8
ag7
ag8
ag7
aVX
p9
ag9
aVleft
p10
tp11
.|||((dp0
Vand this
p1
F0.30000000000000004
sVand as
p2
F0.25
sVat this
p3
F0.2
sVthat this
p4
F0.15000000000000002
sVat as
p5
F0.1
s(lp6
VE
p7
aVo
p8
ag8
ag7
ag8
ag7
ag8
ag8
aVleft
p9
tp10
.|||((dp0
Vmove down twice if
p1
F0.30000000000000004
sVmoved down twice if
p2
F0.25
sVnewt down twice if
p3
F0.2
sVto them twice if
p4
F0.15000000000000002
sVthe move down twice if
p5
F0.1
s(lp6
VE
p7
ag7
ag7
ag7
aVo
p8
ag7
ag8
ag8
aVdown
p9
tp10
.|||((dp0
NF1.0
s(lp1
VE
p2
ag2
ag2
aVo
p3
aVG
p4
ag3
ag3
ag3
aVdown
p5
tp6
.|||(NNNtp0
.|||((dp0
Vthat rate twice
p1
F0.30000000000000004
sVthat great whites
p2
F0.25
sVthe great whites
p3
F0.2
sVthis great whites
p4
F0.15000000000000002
sVgood great whites
p5
F0.1
s(lp6
VX
p7
aVo
p8
aVE
p9
ag7
ag9
ag8
ag8
ag9
aVright
p10
tp11
.|||((dp0
NF1.0
s(lp1
VX
p2
aVo
p3
aVE
p4
ag3
ag4
ag3
ag3
ag4
aVright
p5
tp6
.|||((dp0
Vnews about four times
p1
F0.30000000000000004
sVnews at least four times
p2
F0.2
sVmove at least four times
p3
F0.15000000000000002
sVmove about four times
p4
F0.25
sVnewt about four times
p5
F0.1
s(lp6
Vo
p7
ag7
aVE
p8
ag7
ag8
ag7
ag7
ag8
aVup
p9
tp10
.|||((dp0
Vup what and
p1
F0.30000000000000004
sVup which and
p2
F0.25
sVup and what and
p3
F0.2
sVup what's and
p4
F0.15000000000000002
sVup and which and
p5
F0.1
s(lp6
Vo
p7
ag7
ag7
ag7
ag7
ag7
ag7
ag7
aVup
p8
tp9
.|||((dp0
Vwhat
p1
F0.30000000000000004
sVand it up and
p2
F0.2
sVand what
p3
F0.25
sVand it up at
p4
F0.15000000000000002
sVit up and
p5
F0.1
s(lp6
VX
p7
aVo
p8
ag8
ag8
ag8
ag8
ag8
ag8
aVup
p9
tp10
.|||((dp0
NF1.0
s(lp1
Vo
p2
aVX
p3
ag2
aVG
p4
ag2
ag2
ag2
ag2
aVup
p5
tp6
.|||(NNNtp0
.|||((dp0
Vmove right twice
p1
F0.30000000000000004
sVnew bright twice
p2
F0.25
sVno bright twice
p3
F0.2
sVlive right twice
p4
F0.15000000000000002
sVthe bright twice
p5
F0.1
s(lp6
Vo
p7
ag7
aVX
p8
ag7
ag7
ag8
ag7
ag8
aVright
p9
tp10
.|||((dp0
Vso
p1
F0.30000000000000004
sVsir
p2
F0.25
sVtwo
p3
F0.2
sVc.
p4
F0.15000000000000002
sVto
p5
F0.1
s(lp6
Vo
p7
ag7
ag7
aVX
p8
ag8
ag7
ag7
ag7
aVright
p9
tp10
.|||((dp0
Vno great wants
p1
F0.55
sVno right wants
p2
F0.30000000000000004
sVnew great wants
p3
F0.15000000000000002
s(lp4
VX
p5
aVo
p6
ag5
ag6
ag6
ag6
aVG
p7
ag6
aVright
p8
tp9
.|||(NNNtp0
.|||((dp0
Vit's not a three types fight the fifth
p1
F0.30000000000000004
sVno that retired fight the fifth
p2
F0.4
sVnot a three types fight the fifth
p3
F0.2
sVno but three times fight the fifth
p4
F0.1
s(lp5
VX
p6
aVo
p7
aVE
p8
ag7
ag8
ag6
ag7
ag8
aVup
p9
tp10
.|||((dp0
NF1.0
s(lp1
VX
p2
ag2
aVo
p3
ag3
ag3
ag3
ag2
ag3
aVup
p4
tp5
.|||((dp0
Vgood
p1
F0.30000000000000004
sVgo
p2
F0.25
sVwhat
p3
F0.2
sVhow
p4
F0.15000000000000002
sVcut
p5
F0.1
s(lp6
Vo
p7
aVX
p8
ag8
ag7
ag7
aVG
p9
ag7
ag8
aVup
p10
tp11
.|||((dp0
Vnew brighton wants
p1
F0.5
sVno brainer wants
p2
F0.25
sVno drained once
p3
F0.15000000000000002
sVno bright wants
p4
F0.1
s(lp5
Vo
p6
ag6
aVX
p7
ag6
ag6
ag6
aVG
p8
ag6
aVright
p9
tp10
.|||(NNNtp0
.|||((dp0
Vwithout wants
p1
F0.5
sVwithout once
p2
F0.25
sVwithout ones
p3
F0.15000000000000002
sVwithout wands
p4
F0.1
s(lp5
Vo
p6
ag6
ag6
ag6
ag6
aVG
p7
ag6
ag6
aVup
p8
tp9
.|||((dp0
Vno right
p1
F0.30000000000000004
sVnew right
p2
F0.25
sVno greg
p3
F0.2
sVmove right
p4
F0.15000000000000002
sVno wright
p5
F0.1
s(lp6
Vo
p7
ag7
ag7
aVX
p8
ag7
ag8
aVG
p9
ag7
aVright
p10
tp11
.|||(NNNtp0
.|||((dp0
Vmove about three times
p1
F0.30000000000000004
sVmove out three times
p2
F0.2
sVmoved about three times
p3
F0.25
sVmovie about three times
p4
F0.15000000000000002
sVnewt about three times
p5
F0.1
s(lp6
Vo
p7
ag7
aVE
p8
ag7
ag8
ag7
ag7
ag8
aVup
p9
tp10
.|||((dp0
Von are
p1
F0.30000000000000004
sVwhat
p2
F0.25
sVwhere
p3
F0.2
sVgood
p4
F0.15000000000000002
sVand you
p5
F0.1
s(lp6
Vo
p7
ag7
ag7
ag7
aVX
p8
ag7
ag7
ag7
aVup
p9
tp10
.|||((dp0
NF1.0
s(lp1
Vo
p2
ag2
ag2
aVG
p3
ag2
aVX
p4
ag2
ag2
aVup
p5
tp6
.|||(NNNtp0
.|||((dp0
Vwe'll let out twice
p1
F0.30000000000000004
sVwe left out twice
p2
F0.25
sVwe left twice
p3
F0.2
sVwell let out twice
p4
F0.15000000000000002
sVwill let out twice
p5
F0.1
s(lp6
Vo
p7
ag7
ag7
aVX
p8
ag8
ag7
ag7
ag8
aVleft
p9
tp10
.|||((dp0
NF1.0
s(lp1
Vo
p2
ag2
aVX
p3
ag2
ag2
ag3
ag2
ag3
aVleft
p4
tp5
.|||((dp0
Vit knew about twice
p1
F0.30000000000000004
sVit knew about it twice
p2
F0.25
sVit now about twice
p3
F0.2
sVit new about twice
p4
F0.15000000000000002
sVit knew bout twice
p5
F0.1
s(lp6
VE
p7
ag7
ag7
aVo
p8
aVX
p9
ag8
ag8
ag8
aVup
p10
tp11
.|||((dp0
Vand you
p1
F0.30000000000000004
sVand he
p2
F0.25
sVand who
p3
F0.2
sVand in
p4
F0.15000000000000002
sVoh
p5
F0.1
s(lp6
VE
p7
ag7
ag7
aVG
p8
aVo
p9
aVX
p10
ag9
ag9
aVup
p11
tp12
.|||(NNNtp0
.|||(NNNtp0
.|||((dp0
Vwithout twice
p1
F0.55
sVmove out twice
p2
F0.2
sVwe're about twice
p3
F0.15000000000000002
sVwhat about twice
p4
F0.1
s(lp5
Vo
p6
ag6
ag6
ag6
ag6
aVX
p7
ag6
ag7
aVup
p8
tp9
.|||((dp0
Voh
p1
F0.30000000000000004
sNF0.35
sVo.
p2
F0.2
sVthe
p3
F0.15000000000000002
s(lp4
Vo
p5
ag5
ag5
ag5
ag5
ag5
aVX
p6
ag5
aVup
p7
tp8
.|||((dp0
Vno brainer three times
p1
F0.30000000000000004
sVno greater three times
p2
F0.25
sVno-brainer three times
p3
F0.2
sVno bright three times
p4
F0.15000000000000002
sVnever write three times
p5
F0.1
s(lp6
VE
p7
aVo
p8
ag8
ag7
ag8
ag7
ag8
aVX
p9
aVright
p10
tp11
.|||((dp0
Vwhat
p1
F0.30000000000000004
sVwhat if
p2
F0.25
sVwhat i
p3
F0.2
sVone of
p4
F0.15000000000000002
sVwhat if i
p5
F0.1
s(lp6
VE
p7
aVo
p8
ag8
ag7
aVX
p9
ag7
ag8
ag9
aVright
p10
tp11
.|||((dp0
NF1.0
s(lp1
VE
p2
aVo
p3
aVX
p4
ag2
ag4
ag2
ag3
ag3
aVright
p5
tp6
.|||((dp0
Vwe'll be down three times
p1
F0.30000000000000004
sVwill be down three times
p2
F0.2
sVwill the down three times
p3
F0.25
sVlive down three times
p4
F0.1
sVwe'll be down three dimes
p5
F0.15000000000000002
s(lp6
VE
p7
aVo
p8
aVX
p9
ag7
ag8
ag7
ag7
ag7
aVdown
p10
tp11
.|||((dp0
NF1.0
s(lp1
Vo
p2
aVX
p3
ag3
ag2
ag2
aVE
p4
ag4
ag4
aVdown
p5
tp6
.|||((dp0
Vhi
p1
F0.30000000000000004
sVuh huh
p2
F0.25
sVwho
p3
F0.1
sVcrew
p4
F0.2
sVhuh
p5
F0.15000000000000002
s(lp6
VX
p7
ag7
aVo
p8
ag8
aVG
p9
aVE
p10
ag10
ag10
aVdown
p11
tp12
.|||(NNNtp0
.|||((dp0
Vwith great wants
p1
F0.9
sVwith light wants
p2
F0.1
s(lp3
VX
p4
aVo
p5
ag4
ag5
ag4
ag5
aVG
p6
ag5
aVright
p7
tp8
.|||(NNNtp0
.|||((dp0
Vnews about four times
p1
F0.45000000000000007
sVmove about four times
p2
F0.25
sVms about four times
p3
F0.2
sVnewt about four times
p4
F0.1
s(lp5
Vo
p6
ag6
aVE
p7
ag6
ag7
ag6
ag6
ag7
aVup
p8
tp9
.|||((dp0
NF1.0
s(lp1
Vo
p2
ag2
ag2
ag2
ag2
ag2
ag2
ag2
aVup
p3
tp4
.|||((dp0
Vbelow
p1
F0.30000000000000004
sVno doubt
p2
F0.25
sVmove out
p3
F0.1
sVbilbao
p4
F0.2
sVwillow
p5
F0.15000000000000002
s(lp6
Vo
p7
ag7
ag7
ag7
ag7
ag7
ag7
ag7
aVup
p8
tp9
.|||((dp0
Vno but
p1
F0.25
sVnevada
p2
F0.30000000000000004
sVno but i
p3
F0.2
sVno the
p4
F0.15000000000000002
sVno that i
p5
F0.1
s(lp6
VG
p7
aVo
p8
ag8
ag8
ag8
ag8
ag8
ag8
aVup
p9
tp10
.|||((dp0
Vnew flat wants
p1
F0.55
sVmove let wants
p2
F0.35000000000000003
sVms lot wants
p3
F0.1
s(lp4
VE
p5
aVG
p6
aVo
p7
ag5
ag7
ag5
ag7
ag7
aVleft
p8
tp9
.|||(NNNtp0
.|||((dp0
Vwe left three times
p1
F0.30000000000000004
sVwe left at three times
p2
F0.25
sVwe left out three times
p3
F0.2
sVwe laughed at three times
p4
F0.15000000000000002
sVwhen last three times
p5
F0.1
s(lp6
VE
p7
aVo
p8
aVX
p9
ag7
ag8
ag7
ag7
ag7
aVleft
p10
tp11
.|||((dp0
NF1.0
s(lp1
VE
p2
aVo
p3
ag3
ag2
aVX
p4
ag2
ag3
ag3
aVleft
p5
tp6
.|||((dp0
Vwe'll blast
p1
F0.30000000000000004
sVbut left
p2
F0.25
sVms left
p3
F0.2
sVthe flat
p4
F0.15000000000000002
sVwill blast
p5
F0.1
s(lp6
VE
p7
aVo
p8
ag8
ag7
ag8
ag7
ag8
aVX
p9
aVleft
p10
tp11
.|||((dp0
Vmeltdown
p1
F0.30000000000000004
sVno doubt
p2
F0.25
sVmove down
p3
F0.2
sVmoved down
p4
F0.15000000000000002
sVms down
p5
F0.1
s(lp6
VE
p7
aVX
p8
aVo
p9
ag7
ag9
ag7
ag9
ag9
aVdown
p10
tp11
.|||((dp0
Vno the left
p1
F0.30000000000000004
sVthe lashed
p2
F0.25
sVthe lest
p3
F0.2
sVwe laughed
p4
F0.15000000000000002
sVwe'll blast
p5
F0.1
s(lp6
VX
p7
aVo
p8
ag8
ag8
ag7
ag8
ag8
ag8
aVleft
p9
tp10
.|||((dp0
Vmove down twice
p1
F0.30000000000000004
sVthose down twice
p2
F0.25
sVthis down twice
p3
F0.2
sVnose down twice
p4
F0.15000000000000002
sVbills down twice
p5
F0.1
s(lp6
VE
p7
ag7
ag7
aVX
p8
aVo
p9
ag9
ag9
ag8
aVdown
p10
tp11
.|||((dp0
Vno doubt
p1
F0.30000000000000004
sVthose down
p2
F0.15000000000000002
sVnose down
p3
F0.25
sVmove down
p4
F0.2
sVnote down
p5
F0.1
s(lp6
VE
p7
ag7
ag7
aVo
p8
ag8
ag8
aVX
p9
aVG
p10
aVdown
p11
tp12
.|||((dp0
Vno the writer wants
p1
F0.5
sVno the right wants
p2
F0.35
sVno the right ones
p3
F0.15000000000000002
s(lp4
VE
p5
ag5
ag5
aVo
p6
ag6
aVX
p7
aVG
p8
ag7
aVright
p9
tp10
.|||(NNNtp0
.|||((dp0
Vno but twice
p1
F0.25
sVnouveau not twice
p2
F0.30000000000000004
sVno not twice
p3
F0.2
sVmove out twice
p4
F0.15000000000000002
sVno vote out twice
p5
F0.1
s(lp6
VE
p7
ag7
ag7
aVo
p8
ag8
ag8
aVX
p9
ag9
aVup
p10
tp11
.|||((dp0
Vnevada
p1
F0.30000000000000004
sVno data
p2
F0.25
sVnew data
p3
F0.2
sVwithout a
p4
F0.15000000000000002
sVthe data
p5
F0.1
s(lp6
VE
p7
ag7
ag7
aVo
p8
aVX
p9
ag8
ag8
ag9
aVup
p10
tp11
.|||((dp0
Vno greater twice
p1
F0.30000000000000004
sVno great whites
p2
F0.25
sVno brainer twice
p3
F0.2
sVno-brainer twice
p4
F0.15000000000000002
sVmove right whites
p5
F0.1
s(lp6
VE
p7
ag7
ag7
aVo
p8
ag8
ag8
ag8
ag8
aVright
p9
tp10
.|||((dp0
Vmove right now
p1
F0.30000000000000004
sVmove right up
p2
F0.25
sVmove right in
p3
F0.15000000000000002
sVmove right it
p4
F0.2
sVmove write it
p5
F0.1
s(lp6
Vo
p7
ag7
ag7
ag7
ag7
ag7
aVG
p8
ag7
aVright
p9
tp10
.|||(NNNtp0
.|||((dp0
Vwe'll go out what's the
p1
F0.2
sVwill that wants the
p2
F0.15000000000000002
sVwe'll let wants the
p3
F0.30000000000000004
sVwill that wants that
p4
F0.1
sVwe'll go out wants the
p5
F0.25
s(lp6
VG
p7
aVo
p8
aVX
p9
ag8
ag8
ag8
ag8
ag9
aVup
p10
tp11
.|||((dp0
Vit left wants
p1
F0.5
sVbut let wants
p2
F0.25
sVit left winds
p3
F0.15000000000000002
sVwe'll let wants
p4
F0.1
s(lp5
VE
p6
aVG
p7
aVo
p8
ag6
ag8
ag6
ag8
ag8
aVleft
p9
tp10
.|||(NNNtp0
.|||((dp0
Vwe'll let him twice
p1
F0.25
sVwith latin twice
p2
F0.5
sVnew latin twice
p3
F0.15000000000000002
sVwhen black twice
p4
F0.1
s(lp5
Vo
p6
ag6
ag6
ag6
ag6
aVE
p7
ag7
ag7
aVleft
p8
tp9
.|||((dp0
Vwill the left
p1
F0.25
sVno the left
p2
F0.25
sVwell the left
p3
F0.30000000000000004
sVwe'll blast
p4
F0.2
s(lp5
Vo
p6
ag6
aVG
p7
ag6
ag6
ag6
ag6
ag6
aVleft
p8
tp9
.|||((dp0
Vthose down one eighth
p1
F0.30000000000000004
sVwe'll down one eighth
p2
F0.25
sVwe'll be down one eighth
p3
F0.2
sVbill down one eighth
p4
F0.1
sVwe've got one at for
p5
F0.15000000000000002
s(lp6
Vo
p7
aVX
p8
ag7
ag7
aVG
p9
ag7
ag7
ag7
aVdown
p10
tp11
.|||(NNNtp0
.|||((dp0
Vwithout twice
p1
F0.55
sVwithout it twice
p2
F0.1
sVno but twice
p3
F0.15000000000000002
sVwithout a twice
p4
F0.2
s(lp5
Vo
p6
ag6
ag6
ag6
ag6
ag6
ag6
aVX
p7
aVup
p8
tp9
.|||((dp0
Vnevada
p1
F0.30000000000000004
sVno data
p2
F0.25
sVno that i
p3
F0.2
sVnew data
p4
F0.15000000000000002
sVno that are
p5
F0.1
s(lp6
Vo
p7
ag7
ag7
aVG
p8
ag7
ag7
ag7
ag7
aVup
p9
tp10
.|||(NNNtp0
.|||((dp0
Vwe'll let wants
p1
F0.45000000000000007
sVmidwest wants
p2
F0.35
sVwe left wants
p3
F0.2
s(lp4
Vo
p5
ag5
ag5
aVX
p6
ag5
aVE
p7
ag7
ag7
aVleft
p8
tp9
.|||((dp0
Vnobody wants
p1
F0.9
sVno but once
p2
F0.1
s(lp3
Vo
p4
aVX
p5
ag4
ag4
ag4
ag5
ag4
ag4
aVup
p6
tp7
.|||((dp0
Vnew latin twice
p1
F0.30000000000000004
sVno letup twice
p2
F0.25
sVno the left twice
p3
F0.30000000000000004
sVno latin twice
p4
F0.15000000000000002
s(lp5
VE
p6
aVo
p7
aVX
p8
ag6
ag7
ag6
ag8
ag7
aVleft
p9
tp10
.|||((dp0
NF0.30000000000000004
sVi
p1
F0.25
sVand
p2
F0.2
sVyou
p3
F0.15000000000000002
sVa
p4
F0.1
s(lp5
VE
p6
aVG
p7
aVo
p8
ag6
aVX
p9
ag6
ag8
ag8
aVleft
p10
tp11
.|||(NNNtp0
.|||((dp0
Vbut let it twice
p1
F0.25
sVwe'll let it twice
p2
F0.15000000000000002
sVbut let out twice
p3
F0.30000000000000004
sVwe'll let out twice
p4
F0.2
sVthe left twice
p5
F0.1
s(lp6
Vo
p7
ag7
ag7
ag7
ag7
aVE
p8
ag8
ag8
aVleft
p9
tp10
.|||((dp0
NF0.30000000000000004
sVif
p1
F0.25
sVi
p2
F0.2
sVi i
p3
F0.15000000000000002
sVi if
p4
F0.1
s(lp5
VX
p6
aVo
p7
ag7
ag7
ag7
ag7
ag7
ag7
aVleft
p8
tp9
.|||((dp0
Vmove down once
p1
F0.30000000000000004
sVno doubt wants
p2
F0.25
sVthose down once
p3
F0.2
sVnose down once
p4
F0.15000000000000002
sVno doubt once
p5
F0.1
s(lp6
Vo
p7
aVX
p8
ag7
ag8
ag7
ag7
ag7
ag7
aVdown
p9
tp10
.|||((dp0
Vno question twice
p1
F0.55
sVno black twice
p2
F0.2
sVmidwest twice
p3
F0.15000000000000002
sVno blessed twice
p4
F0.1
s(lp5
VX
p6
aVo
p7
ag7
ag7
ag6
ag7
ag7
ag7
aVleft
p8
tp9
.|||((dp0
NF1.0
s(lp1
VG
p2
aVo
p3
ag3
aVX
p4
ag3
ag3
ag3
ag4
aVleft
p5
tp6
.|||((dp0
Vnobody wants
p1
F0.9
sVno but wants
p2
F0.1
s(lp3
VE
p4
ag4
ag4
aVG
p5
aVo
p6
aVX
p7
ag6
ag6
aVup
p8
tp9
.|||(NNNtp0
.|||((dp0
Vmove down wants
p1
F0.45000000000000007
sVno doubt wants
p2
F0.35
sVmove down once
p3
F0.2
s(lp4
Vo
p5
ag5
aVX
p6
ag5
ag5
ag5
ag6
aVG
p7
aVdown
p8
tp9
.|||((dp0
Vwell right wants
p1
F0.55
sVwell right ones
p2
F0.2
sVno the writer wants
p3
F0.15000000000000002
sVyou write wants
p4
F0.1
s(lp5
Vo
p6
aVX
p7
aVE
p8
ag6
ag8
ag7
aVG
p9
ag8
aVright
p10
tp11
.|||(NNNtp0
.|||((dp0
Vyou write once
p1
F0.30000000000000004
sVno great ones
p2
F0.25
sVno great once
p3
F0.2
sVno great wants
p4
F0.15000000000000002
sVyou write wants
p5
F0.1
s(lp6
VE
p7
ag7
ag7
aVo
p8
aVX
p9
ag8
ag8
ag8
aVright
p10
tp11
.|||((dp0
Vnote down twice
p1
F0.30000000000000004
sVwe've down twice
p2
F0.25
sVnews down twice
p3
F0.2
sVnewt down twice
p4
F0.15000000000000002
sVno it down twice
p5
F0.1
s(lp6
Vo
p7
ag7
aVX
p8
ag7
ag7
ag7
ag8
ag7
aVdown
p9
tp10
.|||((dp0
Voh
p1
F0.30000000000000004
sNF0.25
sVi
p2
F0.2
sVo.
p3
F0.15000000000000002
sVand
p4
F0.1
s(lp5
Vo
p6
aVX
p7
ag6
ag6
ag6
ag7
ag6
aVG
p8
aVdown
p9
tp10
.|||((dp0
Vno great aunts
p1
F0.30000000000000004
sVno brainer lots
p2
F0.25
sVno-brainer lots
p3
F0.2
sVno great loss
p4
F0.15000000000000002
sVno great lots
p5
F0.1
s(lp6
VX
p7
aVo
p8
ag8
ag8
ag8
ag8
aVG
p9
ag8
aVright
p10
tp11
.|||(NNNtp0
.|||((dp0
Vnew great twice
p1
F0.30000000000000004
sVno great twice
p2
F0.25
sVnew great whites
p3
F0.2
sVnew brake twice
p4
F0.15000000000000002
sVno great whites
p5
F0.1
s(lp6
VE
p7
aVo
p8
ag8
ag7
ag8
ag7
ag8
ag8
aVright
p9
tp10
.|||((dp0
Voh
p1
F0.30000000000000004
sNF0.25
sVi
p2
F0.2
sVif
p3
F0.15000000000000002
sVthe
p4
F0.1
s(lp5
VE
p6
aVo
p7
ag7
ag6
ag7
ag6
aVG
p8
aVX
p9
aVright
p10
tp11
.|||(NNNtp0
.|||((dp0
Vno but twice
p1
F0.30000000000000004
sVnow that twice
p2
F0.2
sVnew but twice
p3
F0.15000000000000002
sVnow but twice
p4
F0.1
sVno doubt twice
p5
F0.25
s(lp6
Vo
p7
ag7
aVX
p8
ag7
ag7
ag7
ag7
ag8
aVup
p9
tp10
.|||((dp0
Vup
p1
F0.30000000000000004
sVthe up
p2
F0.25
sVa up
p3
F0.2
sVif
p4
F0.15000000000000002
sVto up
p5
F0.1
s(lp6
Vo
p7
ag7
ag7
aVG
p8
ag7
ag7
ag7
ag7
aVup
p9
tp10
.|||(NNNtp0
.|||((dp0
Vwith down twice
p1
F0.45000000000000007
sVwe'll down twice
p2
F0.25
sVwhen down twice
p3
F0.2
sVms down twice
p4
F0.1
s(lp5
Vo
p6
ag6
ag6
aVX
p7
ag6
ag6
ag7
ag6
aVdown
p8
tp9
.|||((dp0
NF1.0
s(lp1
Vo
p2
ag2
ag2
ag2
aVG
p3
aVX
p4
ag2
ag2
aVdown
p5
tp6
.|||(NNNtp0
.|||((dp0
Vthe last wants
p1
F0.55
sVno let wants
p2
F0.2
sVno i wants
p3
F0.15000000000000002
sVno i want
p4
F0.1
s(lp5
Vo
p6
ag6
ag6
ag6
aVX
p7
ag7
ag6
ag6
aVleft
p8
tp9
.|||((dp0
Vmove down twice
p1
F0.30000000000000004
sVnew down twice
p2
F0.25
sVnewt down twice
p3
F0.2
sVnews down twice
p4
F0.15000000000000002
sVwe'll down twice
p5
F0.1
s(lp6
Vo
p7
ag7
ag7
ag7
ag7
ag7
ag7
aVX
p8
aVdown
p9
tp10
.|||((dp0
Vand if
p1
F0.30000000000000004
sVand who
p2
F0.25
sVif
p3
F0.2
sVand
p4
F0.15000000000000002
sVbut
p5
F0.1
s(lp6
Vo
p7
ag7
ag7
ag7
ag7
ag7
aVX
p8
ag7
aVdown
p9
tp10
.|||((dp0
Vno great ones
p1
F0.30000000000000004
sVno bright ones
p2
F0.25
sVno greater ones
p3
F0.2
sVno great wants
p4
F0.15000000000000002
sVno great once
p5
F0.1
s(lp6
Vo
p7
ag7
aVX
p8
ag7
ag7
ag8
ag7
aVG
p9
aVright
p10
tp11
.|||((dp0
Vno doubt wants
p1
F0.55
sVno doubt once
p2
F0.2
sVno doubt ones
p3
F0.15000000000000002
sVno doubt wands
p4
F0.1
s(lp5
Vo
p6
ag6
ag6
aVX
p7
aVG
p8
ag6
ag6
ag6
aVdown
p9
tp10
.|||(NNNtp0
.|||((dp0
Vno dry winds
p1
F0.30000000000000004
sVno right wants
p2
F0.4
sVno the writer wants
p3
F0.2
sVno bright wants
p4
F0.1
s(lp5
VX
p6
aVo
p7
ag7
ag7
ag7
ag6
aVG
p8
ag7
aVright
p9
tp10
.|||(NNNtp0
.|||((dp0
Vwe'll down twice
p1
F0.4
sVwill down twice
p2
F0.25
sVit will down twice
p3
F0.2
sVwell down twice
p4
F0.15000000000000002
s(lp5
Vo
p6
aVX
p7
ag6
ag6
ag6
ag6
ag6
ag6
aVdown
p8
tp9
.|||((dp0
Vwhat it is
p1
F0.30000000000000004
sVwhat is it that
p2
F0.15000000000000002
sVwhat do
p3
F0.25
sVwhat is it a
p4
F0.1
sVwhat it may
p5
F0.2
s(lp6
VX
p7
aVo
p8
aVG
p9
ag8
ag8
ag8
ag8
ag8
aVdown
p10
tp11
.|||((dp0
Vwhat what's
p1
F0.30000000000000004
sVwhat lawns
p2
F0.25
sVno one what's
p3
F0.2
sVyou left lawns
p4
F0.15000000000000002
sVno well what's
p5
F0.1
s(lp6
Vo
p7
aVG
p8
aVX
p9
ag7
ag7
ag7
ag7
ag7
aVleft
p10
tp11
.|||(NNNtp0
.|||((dp0
Vthe we'll blast wants
p1
F0.5
sVthe we'll let wants
p2
F0.4
sVthe we'll land wants
p3
F0.1
s(lp4
Vo
p5
ag5
ag5
ag5
ag5
ag5
ag5
ag5
aVleft
p6
tp7
.|||((dp0
Vwe'll be down twice and with
p1
F0.30000000000000004
sVwe'll go down twice and with
p2
F0.25
sVwe'll down twice and with
p3
F0.2
sVlook down twice and with
p4
F0.15000000000000002
sVwith down twice and with
p5
F0.1
s(lp6
VX
p7
ag7
aVo
p8
ag8
ag8
ag8
ag7
ag8
aVdown
p9
tp10
.|||((dp0
NF0.30000000000000004
sVif
p1
F0.25
sVthe
p2
F0.2
sVa the
p3
F0.15000000000000002
sVi the
p4
F0.1
s(lp5
VX
p6
aVo
p7
ag7
ag7
aVG
p8
ag6
ag7
ag7
aVdown
p9
tp10
.|||(NNNtp0
.|||((dp0
Vno that's four times
p1
F0.25
sVnow about four times
p2
F0.30000000000000004
sVno but four times
p3
F0.2
sVno that four times
p4
F0.25
s(lp5
VX
p6
aVo
p7
aVE
p8
ag7
ag8
ag8
ag8
ag8
aVup
p9
tp10
.|||((dp0
Vit has
p1
F0.25
sVfifth
p2
F0.45000000000000007
sVfaith
p3
F0.2
sVif it
p4
F0.1
s(lp5
VX
p6
ag6
aVo
p7
ag7
ag7
aVE
p8
ag8
ag8
aVup
p9
tp10
.|||((dp0
Vhi
p1
F0.30000000000000004
sVlou
p2
F0.2
sVoh
p3
F0.25
sVfor
p4
F0.15000000000000002
sVmm
p5
F0.1
s(lp6
Vo
p7
aVX
p8
ag8
ag7
ag7
aVE
p9
ag9
ag9
aVup
p10
tp11
.|||((dp0
NF1.0
s(lp1
Vo
p2
ag2
aVX
p3
ag2
ag2
aVE
p4
ag4
ag4
aVup
p5
tp6
.|||((dp0
Vwe left four times
p1
F0.30000000000000004
sVno the last four times
p2
F0.25
sVwe laughed four times
p3
F0.2
sVwe left to four times
p4
F0.1
sVwe left for times
p5
F0.15000000000000002
s(lp6
VE
p7
aVo
p8
ag8
ag7
ag8
ag7
ag7
ag7
aVleft
p9
tp10
.|||((dp0
Vfifth
p1
F0.5
sNF0.25
sVif
p2
F0.15000000000000002
sVfaith
p3
F0.1
s(lp4
VE
p5
aVo
p6
ag6
ag5
ag6
ag5
ag6
ag6
aVleft
p7
tp8
.|||((dp0
NF0.75
sVa
p1
F0.25
s(lp2
VE
p3
aVo
p4
ag4
ag3
ag4
ag3
ag4
ag4
aVleft
p5
tp6
.|||((dp0
Voh
p1
F0.30000000000000004
sVand
p2
F0.25
sVgood
p3
F0.2
sVwhat
p4
F0.1
sNF0.15000000000000002
s(lp5
VE
p6
aVG
p7
aVo
p8
ag6
ag8
ag6
ag8
ag8
aVleft
p9
tp10
.|||(NNNtp0
.|||((dp0
Vno let whites
p1
F0.30000000000000004
sVnow what whites
p2
F0.45
sVno let white
p3
F0.15000000000000002
sVno what whites
p4
F0.1
s(lp5
VX
p6
aVo
p7
ag6
ag7
ag7
ag6
ag6
ag7
aVleft
p8
tp9
.|||((dp0
Vwhy if
p1
F0.55
sVmy if
p2
F0.2
sVwhile if
p3
F0.15000000000000002
sVor if
p4
F0.1
s(lp5
VG
p6
aVo
p7
ag7
aVX
p8
ag8
ag7
ag7
ag7
aVleft
p9
tp10
.|||((dp0
Vwithout wants
p1
F0.75
sVno that wants
p2
F0.15000000000000002
sVnow that wants
p3
F0.1
s(lp4
Vo
p5
ag5
ag5
aVG
p6
ag5
aVX
p7
ag5
ag7
aVup
p8
tp9
.|||(NNNtp0
.|||((dp0
Vno great twice
p1
F0.30000000000000004
sVwe'll write twice
p2
F0.25
sVno the right twice
p3
F0.2
sVno great whites
p4
F0.15000000000000002
sVno the rate twice
p5
F0.1
s(lp6
Vo
p7
ag7
aVX
p8
ag7
ag7
ag7
ag7
ag7
aVright
p9
tp10
.|||((dp0
Vwhat
p1
F0.30000000000000004
sVwhy
p2
F0.25
sVone
p3
F0.2
sVwhen
p4
F0.15000000000000002
sVwhat's
p5
F0.1
s(lp6
Vo
p7
aVX
p8
ag7
ag7
ag7
ag7
ag7
ag8
aVright
p9
tp10
.|||((dp0
Vwhat about twice
p1
F0.30000000000000004
sVwhat about whites
p2
F0.45
sVwithout twice
p3
F0.15000000000000002
sVwithout whites
p4
F0.1
s(lp5
Vo
p6
ag6
ag6
ag6
aVX
p7
aVE
p8
ag8
ag8
aVup
p9
tp10
.|||((dp0
NF1.0
s(lp1
VX
p2
aVo
p3
ag3
aVG
p4
ag3
aVE
p5
ag5
ag5
aVup
p6
tp7
.|||(NNNtp0
.|||((dp0
Vlive down twice
p1
F0.30000000000000004
sVlives down twice
p2
F0.25
sVms down twice
p3
F0.2
sVlived down twice
p4
F0.15000000000000002
sVmove down twice
p5
F0.1
s(lp6
VX
p7
ag7
aVo
p8
ag8
ag8
aVE
p9
ag9
ag9
aVdown
p10
tp11
.|||((dp0
NF0.75
sVthe
p1
F0.25
s(lp2
VX
p3
aVo
p4
ag4
ag4
ag4
aVE
p5
ag5
ag5
aVdown
p6
tp7
.|||((dp0
Vmove left three times
p1
F0.30000000000000004
sVwill the last three times
p2
F0.1
sVwe'll blast three times
p3
F0.25
sVmoves left three times
p4
F0.2
sVmove laughed three times
p5
F0.15000000000000002
s(lp6
Vo
p7
ag7
aVX
p8
ag7
ag7
aVE
p9
ag9
ag9
aVleft
p10
tp11
.|||((dp0
Vif
p1
F0.30000000000000004
sVfive
p2
F0.25
sNF0.2
sVi
p3
F0.15000000000000002
sVif i
p4
F0.1
s(lp5
VX
p6
aVo
p7
ag7
ag7
ag6
ag7
ag7
ag7
aVleft
p8
tp9
.|||((dp0
Vin i'm no i but i what if a he
p1
F0.30000000000000004
sVi'm i'm no i but i what if a he
p2
F0.25
sVan i'm no i but i what if a he
p3
F0.2
sVin oh i oh oh oh but i what if a he
p4
F0.15000000000000002
sVin oh i oh oh o. k. i what if a he
p5
F0.1
s(lp6
Vo
p7
aVG
p8
ag7
aVX
p9
ag7
ag7
ag7
ag9
aVleft
p10
tp11
.|||(NNNtp0
.|||((dp0
Vabout what
p1
F0.30000000000000004
sVabout watson
p2
F0.25
sVabout what song
p3
F0.2
sVabout what so
p4
F0.15000000000000002
sVabout what style
p5
F0.1
s(lp6
VG
p7
aVo
p8
ag8
ag8
ag8
aVX
p9
ag8
ag8
aVup
p10
tp11
.|||((dp0
Vwith wet ones
p1
F0.5
sVwhen wet ones
p2
F0.25
sVwe went once
p3
F0.15000000000000002
sVwith wet once
p4
F0.1
s(lp5
Vo
p6
aVG
p7
ag6
ag6
aVX
p8
ag6
ag8
ag6
aVleft
p9
tp10
.|||(NNNtp0
.|||((dp0
Vno but why stop now
p1
F0.35
sVno but why stop at
p2
F0.45000000000000007
sVno bob whiteside and
p3
F0.2
s(lp4
VX
p5
aVo
p6
ag5
ag6
ag6
ag6
ag6
ag6
aVup
p7
tp8
.|||((dp0
NF1.0
s(lp1
VG
p2
aVX
p3
aVo
p4
ag4
ag4
ag4
ag4
ag4
aVup
p5
tp6
.|||((dp0
Vnewsletter wants
p1
F0.55
sVnewsletter ones
p2
F0.2
sVnewsletter once
p3
F0.15000000000000002
sVnewsletter wands
p4
F0.1
s(lp5
VE
p6
aVG
p7
aVX
p8
ag6
aVo
p9
ag6
ag9
ag9
aVleft
p10
tp11
.|||(NNNtp0
.|||((dp0
Vit are i i will pray watson
p1
F0.30000000000000004
sVit are i i will pray wants
p2
F0.25
sVit are i i and ray watson
p3
F0.2
sVit are i i will play watson
p4
F0.15000000000000002
sVit are i i will play wants
p5
F0.1
s(lp6
Vo
p7
ag7
ag7
ag7
ag7
ag7
ag7
ag7
aVright
p8
tp9
.|||((dp0
Vukraine wants
p1
F0.55
sVthe brain wants
p2
F0.2
sVto bring wants
p3
F0.15000000000000002
sVtwo great wants
p4
F0.1
s(lp5
Vo
p6
ag6
ag6
ag6
ag6
ag6
aVG
p7
ag6
aVright
p8
tp9
.|||(NNNtp0
.|||((dp0
Vno but twice
p1
F0.15000000000000002
sVwhat about twice
p2
F0.30000000000000004
sVwithout twice
p3
F0.25
sVwe've got twice
p4
F0.2
sVthe vote twice
p5
F0.1
s(lp6
Vo
p7
aVX
p8
ag8
ag7
ag7
aVE
p9
ag9
ag9
aVup
p10
tp11
.|||((dp0
NF1.0
s(lp1
Vo
p2
ag2
aVX
p3
ag2
ag2
aVE
p4
ag4
ag4
aVup
p5
tp6
.|||((dp0
Vnew blackout twice
p1
F0.30000000000000004
sVnew blackout whites
p2
F0.25
sVnow what points
p3
F0.2
sVnow what whites
p4
F0.15000000000000002
sVno blackout twice
p5
F0.1
s(lp6
VE
p7
aVo
p8
ag8
ag7
ag8
ag7
ag7
ag7
aVleft
p9
tp10
.|||((dp0
NF1.0
s(lp1
VE
p2
aVG
p3
aVo
p4
ag2
ag4
ag2
ag4
ag4
aVleft
p5
tp6
.|||(NNNtp0
.|||((dp0
Vwith great whites the
p1
F0.55
sVwith great whites that
p2
F0.45000000000000007
s(lp3
Vo
p4
aVX
p5
aVE
p6
ag5
ag6
ag4
ag4
ag6
aVright
p7
tp8
.|||((dp0
NF1.0
s(lp1
VX
p2
aVo
p3
aVE
p4
ag3
ag4
ag3
ag3
ag4
aVright
p5
tp6
.|||((dp0
Vabout three times
p1
F0.15000000000000002
sVbut about three times
p2
F0.1
sVthe vote three times
p3
F0.30000000000000004
sVwhat about three times
p4
F0.25
sVwithout three times
p5
F0.2
s(lp6
Vo
p7
ag7
aVE
p8
ag7
ag8
ag7
ag7
ag8
aVup
p9
tp10
.|||((dp0
NF1.0
s(lp1
VX
p2
aVo
p3
ag3
ag3
ag3
ag3
ag3
ag3
aVup
p4
tp5
.|||((dp0
NF1.0
s(lp1
VG
p2
aVX
p3
aVo
p4
ag4
ag4
ag4
ag4
ag4
aVup
p5
tp6
.|||((dp0
Vwhat what
p1
F0.30000000000000004
sVdo guatemalans
p2
F0.25
sVwe'll blast lots
p3
F0.2
sVdo black what
p4
F0.15000000000000002
sVwe'll let lots
p5
F0.1
s(lp6
VX
p7
aVG
p8
ag7
aVo
p9
ag9
ag7
ag9
ag9
aVleft
p10
tp11
.|||(NNNtp0
.|||((dp0
Vwhat was
p1
F0.30000000000000004
sVbut let wants
p2
F0.25
sVwhat what's
p3
F0.2
sVwe'll let wants
p4
F0.15000000000000002
sVwhat wants
p5
F0.1
s(lp6
Vo
p7
ag7
ag7
aVX
p8
ag7
ag7
ag8
ag7
aVleft
p9
tp10
.|||((dp0
Vbut twice
p1
F0.25
sVbut why so
p2
F0.30000000000000004
sVbut toys
p3
F0.30000000000000004
sVbut whites
p4
F0.15000000000000002
s(lp5
VE
p6
ag6
ag6
aVo
p7
ag7
aVX
p8
ag8
ag7
aVup
p9
tp10
.|||((dp0
NF1.0
s(lp1
VE
p2
ag2
ag2
aVo
p3
ag3
ag3
aVX
p4
ag4
aVup
p5
tp6
.|||((dp0
Vwho bring twice
p1
F0.30000000000000004
sVto bring twice
p2
F0.25
sVyou bring twice
p3
F0.2
sVwho great whites
p4
F0.15000000000000002
sVwho great twice
p5
F0.1
s(lp6
VE
p7
ag7
ag7
aVo
p8
ag8
ag8
ag8
aVX
p9
aVright
p10
tp11
.|||((dp0
NF1.0
s(lp1
Vo
p2
ag2
ag2
ag2
aVX
p3
ag2
aVG
p4
ag2
aVright
p5
tp6
.|||(NNNtp0
.|||((dp0
Vnumber eight wants
p1
F0.45000000000000007
sVnumber it wants
p2
F0.25
sVmove right wants
p3
F0.2
sVnumber and wants
p4
F0.1
s(lp5
Vo
p6
aVX
p7
aVE
p8
ag7
ag8
ag6
ag6
ag8
aVright
p9
tp10
.|||((dp0
Vmove up twice
p1
F0.30000000000000004
sVyou've got twice
p2
F0.25
sVmove out twice
p3
F0.2
sVyou've got a twice
p4
F0.15000000000000002
sVwithout twice
p5
F0.1
s(lp6
VX
p7
aVo
p8
aVE
p9
ag8
ag9
ag8
ag8
ag9
aVup
p10
tp11
.|||((dp0
NF1.0
s(lp1
Vo
p2
aVX
p3
ag2
ag2
ag2
ag2
ag2
ag2
aVup
p4
tp5
.|||((dp0
Vno blood once
p1
F0.30000000000000004
sVno let once
p2
F0.25
sVno let wants
p3
F0.35000000000000003
sVwe'll let once
p4
F0.1
s(lp5
Vo
p6
ag6
aVX
p7
ag7
ag6
ag6
ag6
ag6
aVleft
p8
tp9
.|||((dp0
Vbut once
p1
F0.30000000000000004
sVbut wants
p2
F0.45
sVbut what's
p3
F0.15000000000000002
sVbut i once
p4
F0.1
s(lp5
Vo
p6
aVX
p7
ag6
ag6
ag7
ag7
ag6
ag6
aVup
p8
tp9
.|||((dp0
Vnonetheless up twice
p1
F0.30000000000000004
sVnonetheless out twice
p2
F0.25
sVno glass out twice
p3
F0.2
sVthe blast points
p4
F0.15000000000000002
sVnonetheless outweighs
p5
F0.1
s(lp6
Vo
p7
ag7
aVX
p8
ag7
ag7
ag8
ag8
ag7
aVleft
p9
tp10
.|||((dp0
Vwhat a a a a a a a and a
p1
F0.1
sVwhat a a a a a a a a it
p2
F0.30000000000000004
sVwhat a a a a a a a a this
p3
F0.25
sVwhat a a a a a a a a has
p4
F0.35000000000000003
s(lp5
Vo
p6
ag6
ag6
ag6
aVX
p7
ag6
ag6
ag6
aVleft
p8
tp9
.|||((dp0
Vmove down three times
p1
F0.30000000000000004
sVmove down to three times
p2
F0.1
sVnew down three times
p3
F0.25
sVlou down three times
p4
F0.15000000000000002
sVno doubt three times
p5
F0.2
s(lp6
VE
p7
ag7
ag7
aVo
p8
ag8
ag8
ag8
aVX
p9
aVdown
p10
tp11
.|||((dp0
Voh
p1
F0.30000000000000004
sVno
p2
F0.25
sVooh
p3
F0.2
sVah
p4
F0.15000000000000002
sVwhat
p5
F0.1
s(lp6
VE
p7
ag7
ag7
aVo
p8
ag8
ag8
aVX
p9
ag8
aVdown
p10
tp11
.|||((dp0
NF1.0
s(lp1
VE
p2
ag2
ag2
aVo
p3
aVG
p4
aVX
p5
ag3
ag5
aVdown
p6
tp7
.|||(NNNtp0
.|||((dp0
Vno doubt was raised
p1
F0.30000000000000004
sVno doubt was base
p2
F0.25
sVno doubt one space
p3
F0.30000000000000004
sVno doubt once base
p4
F0.15000000000000002
s(lp5
VE
p6
aVo
p7
ag7
ag6
ag7
ag6
ag7
ag7
aVdown
p8
tp9
.|||((dp0
Vlast wednesday's
p1
F0.30000000000000004
sVlast one space
p2
F0.45
sVlast one stays
p3
F0.25
s(lp4
Vo
p5
ag5
ag5
aVX
p6
ag6
ag5
ag5
ag6
aVleft
p7
tp8
.|||((dp0
Vno doubt three spaces
p1
F0.55
sVno doubt a three spaces
p2
F0.2
sVno doubt it three spaces
p3
F0.15000000000000002
sVno doubt three's faces
p4
F0.1
s(lp5
VX
p6
aVo
p7
ag6
ag7
ag7
ag6
ag7
ag6
aVdown
p8
tp9
.|||((dp0
NF1.0
s(lp1
Vo
p2
aVX
p3
ag2
ag2
ag2
ag2
ag3
ag2
aVdown
p4
tp5
.|||((dp0
Vand
p1
F0.5
sVit
p2
F0.25
sVwhat
p3
F0.15000000000000002
sVbut
p4
F0.1
s(lp5
VX
p6
aVo
p7
ag7
ag7
aVG
p8
ag6
ag7
ag7
aVdown
p9
tp10
.|||(NNNtp0
.|||((dp0
Vthe last one space
p1
F0.7000000000000001
sVthe last ones base
p2
F0.2
sVthe last one's face
p3
F0.1
s(lp4
Vo
p5
ag5
aVE
p6
ag5
ag6
ag5
ag5
ag6
aVleft
p7
tp8
.|||((dp0
Vgo out force bases
p1
F0.30000000000000004
sVgo out of force bases
p2
F0.25
sVgo out for spaces
p3
F0.2
sVgo out a force bases
p4
F0.15000000000000002
sVbill out of force bases
p5
F0.1
s(lp6
VE
p7
ag7
ag7
aVo
p8
ag7
ag8
ag8
ag7
aVup
p9
tp10
.|||((dp0
NF1.0
s(lp1
VE
p2
ag2
ag2
aVo
p3
ag3
ag3
ag3
ag3
aVup
p4
tp5
.|||((dp0
NF1.0
s(lp1
VE
p2
ag2
ag2
aVo
p3
ag3
aVX
p4
ag3
ag3
aVup
p5
tp6
.|||((dp0
NF1.0
s(lp1
VE
p2
ag2
ag2
aVG
p3
aVo
p4
aVX
p5
ag5
ag4
aVup
p6
tp7
.|||(NNNtp0
.|||(NNNtp0
.|||((dp0
Vgo up these bases
p1
F0.30000000000000004
sVgo on tuesday says
p2
F0.25
sVgo out is basis
p3
F0.2
sVgo up these vases
p4
F0.15000000000000002
sVgo out his basis
p5
F0.1
s(lp6
Vo
p7
aVX
p8
ag7
ag7
ag7
ag7
ag7
ag8
aVup
p9
tp10
.|||((dp0
Vsir
p1
F0.30000000000000004
sVthe
p2
F0.25
sVso
p3
F0.2
sVto
p4
F0.15000000000000002
sVsoon
p5
F0.1
s(lp6
Vo
p7
ag7
aVX
p8
ag7
ag8
ag7
ag7
ag7
aVup
p9
tp10
.|||((dp0
Vgo went on space
p1
F0.30000000000000004
sVgo let one space
p2
F0.25
sVgo west one space
p3
F0.2
sVgo left one space
p4
F0.15000000000000002
sVgo left on space
p5
F0.1
s(lp6
VG
p7
aVo
p8
ag8
aVX
p9
ag8
ag8
ag8
ag8
aVleft
p10
tp11
.|||((dp0
Vgo on wednesdays
p1
F0.5
sVgo and space
p2
F0.25
sVgo on sundays
p3
F0.15000000000000002
sVgo on space
p4
F0.1
s(lp5
Vo
p6
ag6
ag6
aVG
p7
ag6
aVX
p8
ag6
ag6
aVup
p9
tp10
.|||(NNNtp0
.